  AnimationComponent.cpp
E:\cpp project\Dino-Runner\SFML2\AnimationComponent.h(10,10): fatal  error C1083: Cannot open include file: 'SFML/System.hpp': No such file or directory
  Button.cpp
E:\cpp project\Dino-Runner\SFML2\Button.h(9,10): fatal  error C1083: Cannot open include file: 'SFML/System.hpp': No such file or directory
  CharacterSelecMenuState.cpp
E:\cpp project\Dino-Runner\SFML2\HitboxComponent.h(14,10): fatal  error C1083: Cannot open include file: 'SFML/System.hpp': No such file or directory
  Entity.cpp
E:\cpp project\Dino-Runner\SFML2\HitboxComponent.h(14,10): fatal  error C1083: Cannot open include file: 'SFML/System.hpp': No such file or directory
  Game.cpp
E:\cpp project\Dino-Runner\SFML2\HitboxComponent.h(14,10): fatal  error C1083: Cannot open include file: 'SFML/System.hpp': No such file or directory
  GameStates.cpp
E:\cpp project\Dino-Runner\SFML2\HitboxComponent.h(14,10): fatal  error C1083: Cannot open include file: 'SFML/System.hpp': No such file or directory
  HitboxComponent.cpp
E:\cpp project\Dino-Runner\SFML2\HitboxComponent.h(14,10): fatal  error C1083: Cannot open include file: 'SFML/System.hpp': No such file or directory
  Icon.cpp
E:\cpp project\Dino-Runner\SFML2\Icon.h(9,10): fatal  error C1083: Cannot open include file: 'SFML/System.hpp': No such file or directory
  LandScrnState.cpp
E:\cpp project\Dino-Runner\SFML2\HitboxComponent.h(14,10): fatal  error C1083: Cannot open include file: 'SFML/System.hpp': No such file or directory
  MainMenuState.cpp
E:\cpp project\Dino-Runner\SFML2\HitboxComponent.h(14,10): fatal  error C1083: Cannot open include file: 'SFML/System.hpp': No such file or directory
  MovementComponent.cpp
E:\cpp project\Dino-Runner\SFML2\MovementComponent.h(14,10): fatal  error C1083: Cannot open include file: 'SFML/System.hpp': No such file or directory
  Musics.cpp
E:\cpp project\Dino-Runner\SFML2\Musics.h(7,10): fatal  error C1083: Cannot open include file: 'SFML/System.hpp': No such file or directory
  Player.cpp
E:\cpp project\Dino-Runner\SFML2\HitboxComponent.h(14,10): fatal  error C1083: Cannot open include file: 'SFML/System.hpp': No such file or directory
  SelectionMenu.cpp
E:\cpp project\Dino-Runner\SFML2\HitboxComponent.h(14,10): fatal  error C1083: Cannot open include file: 'SFML/System.hpp': No such file or directory
  Source.cpp
E:\cpp project\Dino-Runner\SFML2\HitboxComponent.h(14,10): fatal  error C1083: Cannot open include file: 'SFML/System.hpp': No such file or directory
  State.cpp
E:\cpp project\Dino-Runner\SFML2\HitboxComponent.h(14,10): fatal  error C1083: Cannot open include file: 'SFML/System.hpp': No such file or directory
  Generating Code...
