  Button.cpp
C:\Users\lenovo\Desktop\Year 4- spring\C++\Cpp project\SFML2\Button.h(9,10): fatal  error C1083: Cannot open include file: 'SFML/Graphics.hpp': No such file or directory
  Entity.cpp
C:\Users\lenovo\Desktop\Year 4- spring\C++\Cpp project\SFML2\Entity.h(14,10): fatal  error C1083: Cannot open include file: 'SFML/System.hpp': No such file or directory
  Game.cpp
C:\Users\lenovo\Desktop\Year 4- spring\C++\Cpp project\SFML2\Entity.h(14,10): fatal  error C1083: Cannot open include file: 'SFML/System.hpp': No such file or directory
  GameStates.cpp
C:\Users\lenovo\Desktop\Year 4- spring\C++\Cpp project\SFML2\Entity.h(14,10): fatal  error C1083: Cannot open include file: 'SFML/System.hpp': No such file or directory
  Icon.cpp
C:\Users\lenovo\Desktop\Year 4- spring\C++\Cpp project\SFML2\Icon.h(9,10): fatal  error C1083: Cannot open include file: 'SFML/System.hpp': No such file or directory
  MainMenuState.cpp
C:\Users\lenovo\Desktop\Year 4- spring\C++\Cpp project\SFML2\Entity.h(14,10): fatal  error C1083: Cannot open include file: 'SFML/System.hpp': No such file or directory
  Musics.cpp
C:\Users\lenovo\Desktop\Year 4- spring\C++\Cpp project\SFML2\Musics.h(7,10): fatal  error C1083: Cannot open include file: 'SFML/System.hpp': No such file or directory
  Player.cpp
C:\Users\lenovo\Desktop\Year 4- spring\C++\Cpp project\SFML2\Entity.h(14,10): fatal  error C1083: Cannot open include file: 'SFML/System.hpp': No such file or directory
  Source.cpp
C:\Users\lenovo\Desktop\Year 4- spring\C++\Cpp project\SFML2\Entity.h(14,10): fatal  error C1083: Cannot open include file: 'SFML/System.hpp': No such file or directory
  State.cpp
C:\Users\lenovo\Desktop\Year 4- spring\C++\Cpp project\SFML2\Entity.h(14,10): fatal  error C1083: Cannot open include file: 'SFML/System.hpp': No such file or directory
  Generating Code...
